<?xml version="1.0" encoding="UTF-8"?>
<testng-results ignored="0" total="1" passed="1" failed="0" skipped="0">
  <reporter-output>
  </reporter-output>
  <suite started-at="2022-12-22T15:34:16 ECT" name="Default suite" finished-at="2022-12-22T15:34:19 ECT" duration-ms="3506">
    <groups>
    </groups>
    <test started-at="2022-12-22T15:34:16 ECT" name="Default test" finished-at="2022-12-22T15:34:19 ECT" duration-ms="3506">
      <class name="com.examplet.test.NewTest">
        <test-method is-config="true" signature="beforeClass()[pri:0, instance:com.examplet.test.NewTest@248e319b]" started-at="2022-12-22T15:34:16 ECT" name="beforeClass" finished-at="2022-12-22T15:34:19 ECT" duration-ms="3251" status="PASS">
          <reporter-output>
          </reporter-output>
        </test-method> <!-- beforeClass -->
        <test-method signature="f()[pri:0, instance:com.examplet.test.NewTest@248e319b]" started-at="2022-12-22T15:34:19 ECT" name="f" finished-at="2022-12-22T15:34:19 ECT" duration-ms="219" status="PASS">
          <reporter-output>
          </reporter-output>
        </test-method> <!-- f -->
        <test-method is-config="true" signature="afterClass()[pri:0, instance:com.examplet.test.NewTest@248e319b]" started-at="2022-12-22T15:34:19 ECT" name="afterClass" finished-at="2022-12-22T15:34:19 ECT" duration-ms="0" status="PASS">
          <reporter-output>
          </reporter-output>
        </test-method> <!-- afterClass -->
      </class> <!-- com.examplet.test.NewTest -->
    </test> <!-- Default test -->
  </suite> <!-- Default suite -->
</testng-results>
